/* In this file there must be ascii-pictures that consist only of '@' and '-'.
   Resolutions are defined in terminal.h. To add new shape see 'Add SHAPE_HEART'
   commit */

#if defined(SHAPE_LINE)

$("-----------------------------------------------------------------------------------------------------------------------------------------------------------");
$("-----------------------------------------------------------------------------------------------------------------------------------------------------------");
$("-----------------------------------------------------------------------------------------------------------------------------------------------------------");
$("-----------------------------------------------------------------------------------------------------------------------------------------------------------");
$("-----------------------------------------------------------------------------------------------------------------------------------------------------------");
$("-----------------------------------------------------------------------------------------------------------------------------------------------------------");
$("-----------------------------------------------------------------------------------------------------------------------------------------------------------");
$("-----------------------------------------------------------------------------------------------------------------------------------------------------------");
$("-----------------------------------------------------------------------------------------------------------------------------------------------------------");
$("-----------------------------------------------------------------------------------------------------------------------------------------------------------");
$("-----------------------------------------------------------------------------------------------------------------------------------------------------------");
$("-----------------------------------------------------------------------------------------------------------------------------------------------------------");
$("-----------------------------------------------------------------------------------------------------------------------------------------------------------");
$("-----------------------------------------------------------------------------------------------------------------------------------------------------------");
$("-----------------------------------------------------------------------------------------------------------------------------------------------------------");
$("-----------------------------------------------------------------------------------------------------------------------------------------------------------");
$("-----------------------------------------------------------------------------------------------------------------------------------------------------------");
$("-----------------------------------------------------------------------------------------------------------------------------------------------------------");
$("-----------------------------------------------------------------------------------------------------------------------------------------------------------");
$("-----------------------------------------------------------------------------------------------------------------------------------------------------------");
$("-----------------------------------------------------------------------------------------------------------------------------------------------------------");
$("-----------------------------------------------------------------------------------------------------------------------------------------------------------");
$("-----------------------------------------------------------------------------------------------------------------------------------------------------------");
$("-----------------------------------------------------------------------------------------------------------------------------------------------------------");
$("-----------------------------------------------------------------------------------------------------------------------------------------------------------");
$("-----------------------------------------------------------------------------------------------------------------------------------------------------------");
$("-----------------------------------------------------------------------------------------------------------------------------------------------------------");
$("-----------------------------------------------------------------------------------------------------------------------------------------------------------");
$("-----------------------------------------------------------------------------------------------------------------------------------------------------------");
$("-----------------------------------------------------------------------------------------------------------------------------------------------------------");
$("-----------------------------------------------------------------------------------------------------------------------------------------------------------");
$("-----------------------------------------------------------------------------------------------------------------------------------------------------------");
$("-----------------------------------------------------------------------------------------------------------------------------------------------------------");
$("-----------------------------------------------------------------------------------------------------------------------------------------------------------");
$("-----------------------------------------------------------------------------------------------------------------------------------------------------------");
$("-----------------------------------------------------------------------------------------------------------------------------------------------------------");
$("-----------------------------------------------------------------------------------------------------------------------------------------------------------");
$("-----------------------------------------------------------------------------------------------------------------------------------------------------------");
$("-----------------------------------------------------------------------------------------------------------------------------------------------------------");
$("-----------------------------------------------------------------------------------------------------------------------------------------------------------");
$("-----------------------------------------------------------------------------------------------------------------------------------------------------------");
$("-----------------------------------------------------------------------------------------------------------------------------------------------------------");
$("-----------------------------------------------------------------------------------------------------------------------------------------------------------");
$("-----------------------------------------------------------------------------------------------------------------------------------------------------------");
$("-----------------------------------------------------------------------------------------------------------------------------------------------------------");
$("-----------------------------------------------------------------------------------------------------------------------------------------------------------");
$("-----------------------------------------------------------------------------------------------------------------------------------------------------------");
$("-----------------------------------------------------------------------------------------------------------------------------------------------------------");
$("-----------------------------------------------------------------------------------------------------------------------------------------------------------");
$("-----------------------------------------------------------------------------------------------------------------------------------------------------------");
$("-----------------------------------------------------------------------------------------------------------------------------------------------------------");
$("-----------------------------------------------------------------------------------------------------------------------------------------------------------");
$("-----------------------------------------------------------------------------------------------------------------------------------------------------------");
$("@@@@@@@@@@@@@@@@@@@@@@@@@@@@@@@@@@@@@@@@@@@@@@@@@@@@@@@@@@@@@@@@@@@@@@@@@@@@@@@@@@@@@@@@@@@@@@@@@@@@@@@@@@@@@@@@@@@@@@@@@@@@@@@@@@@@@@@@@@@@@@@@@@@@@@@@@@@");

#elif defined(SHAPE_PHIL)

$("-----------------------------------------------------------------------------------------------------------------------------------------------------------");
$("-----------------------------------------------------------------------------------------------------------------------------------------------------------");
$("-----------------------------------------------------------------------------------------------------------------------------------------------------------");
$("-----------------------------------------------------------------------------------------------------------------------------------------------------------");
$("-----------------------------------------------------------------------------------------------------------------------------------------------------------");
$("-----------------------------------------------------------------------------------------------------------------------------------------------------------");
$("-----------------------------------------------------------------------------------------------------------------------------------------------------------");
$("-----------------------------------------------------------------------------------------------------------------------------------------------------------");
$("-----------------------------------------------------------------------------------------------------------------------------------------------------------");
$("-----------------------------------------------------------------------------------------------------------------------------------------------------------");
$("-----------------------------------------------------------------------------------------------------------------------------------------------------------");
$("-----------------------------------------------------------------------------------------------------------------------------------------------------------");
$("-----------------------------------------------------------------------------------------------------------------------------------------------------------");
$("-----------------------------------------------------------------------------------------------------------------------------------------------------------");
$("-----------------------------------------------------------------------------------------------------------------------------------------------------------");
$("-----------------------------------------------------------------------------------------------------------------------------------------------------------");
$("-----------------------------------------------------------------------------------------------------------------------------------------------------------");
$("-----------------------------------------------------------------------------------------------------------------------------------------------------------");
$("-----------------------------------------------------------------------------------------------------------------------------------------------------------");
$("-----------------------------------------------------------------------------------------------------------------------------------------------------------");
$("-----------------------------------------------------------------------------------------------------------------------------------------------------------");
$("-------------------------------------@@@@@-----------------------@@@@@-----------------------@@@@@-----------------------@@@@@-----------------------------");
$("------------------------------------@@----@---------------------@@----@---------------------@@----@---------------------@@----@----------------------------");
$("-----------------------------------@--@----@-------------------@--@@@@@@-------------------@--@----@-------------------@--@@@@@@---------------------------");
$("----------------------------------@----@----@-----------------@---@----@-------------------@---@----@-----------------@---@----@---------------------------");
$("---------------------------------@------@----@---------------@---@----@---------------------@---@----@---------------@---@----@----------------------------");
$("--------------------------------@---@@---@----@-------------@---@----@-----------------------@---@----@-------------@---@----@-----------------------------");
$("-------------------------------@---@@@@---@----@-----------@---@@@@@@-------------------------@---@----@-----------@---@----@------------------------------");
$("------------------------------@----@---@---@----@---------@----@----@-------------------------@----@----@---------@---@----@-------------------------------");
$("-----------------------------@------@---@---@----@-------@------@----@---@@@@@-------@@@@----@------@----@-------@---@----@--------------------------------");
$("----------------------------@---@@---@---@---@@@@@@-----@---@@---@----@-@@----@-----@@---@--@---@@---@----@-----@---@----@---------------------------------");
$("---------------------------@---@--@---@---@---@---@---@@---@--@---@----@--@@@@@@---@--@---@@---@--@---@@@@@@---@---@@@@@@----------------------------------");
$("---------------------------@--@----@---@--@---@@@@@---@@--@----@---@--@---@----@---@---@--@---@----@--@----@---@---@----@----------------------------------");
$("----------------------------@@@@@@@@@---@@---@----@-----@@@@@@@-@---@@---@----@-----@---@@---@----@-@@@@@@@-----@---@----@---------------------------------");
$("-------------------------------------@------@----@---------------@------@----@-------@------@----@---------------@---@----@--------------------------------");
$("--------------------------------------@----@----@-----------------@----@----@---------@----@@@@@@-----------------@---@----@-------------------------------");
$("---------------------------------------@@@@@@@@@------------------@---@----@-----------@---@----@------------------@---@----@------------------------------");
$("-----------------------------------------------------------------@---@----@-------------@---@----@------------------@---@----@-----------------------------");
$("----------------------------------------------------------------@---@----@---------------@---@----@------------------@---@----@----------------------------");
$("---------------------------------------------------------------@---@----@-----------------@---@@@@@@------------------@---@@@@@@---------------------------");
$("---------------------------------------------------------------@--@----@-------------------@--@----@-------------------@--@----@---------------------------");
$("----------------------------------------------------------------@@@@@@@---------------------@@@@@@@---------------------@@@@@@@----------------------------");
$("-----------------------------------------------------------------------------------------------------------------------------------------------------------");
$("-----------------------------------------------------------------------------------------------------------------------------------------------------------");
$("-----------------------------------------------------------------------------------------------------------------------------------------------------------");
$("-----------------------------------------------------------------------------------------------------------------------------------------------------------");
$("-----------------------------------------------------------------------------------------------------------------------------------------------------------");
$("-----------------------------------------------------------------------------------------------------------------------------------------------------------");
$("-----------------------------------------------------------------------------------------------------------------------------------------------------------");
$("-----------------------------------------------------------------------------------------------------------------------------------------------------------");
$("-----------------------------------------------------------------------------------------------------------------------------------------------------------");
$("-----------------------------------------------------------------------------------------------------------------------------------------------------------");
$("-----------------------------------------------------------------------------------------------------------------------------------------------------------");
$("-----------------------------------------------------------------------------------------------------------------------------------------------------------");

#elif defined(SHAPE_HEART)

$("-----------------------------------------------------------------------------------------------------------------------------------------------------------");
$("-----------------------------------------------------------------------------------------------------------------------------------------------------------");
$("-----------------------------------------------------------------------------------------------------------------------------------------------------------");
$("-----------------------------------------------------------------------------------------------------------------------------------------------------------");
$("-----------------------------------------------------------------------------------------------------------------------------------------------------------");
$("-----------------------------------------------------------------------------------------------------------------------------------------------------------");
$("-----------------------------------------------------------------------------------------------------------------------------------------------------------");
$("-----------------------------------------------------------------------------------------------------------------------------------------------------------");
$("-----------------------------------------------------------------------------------------------------------------------------------------------------------");
$("-----------------------------------------------------------------------------------------------------------------------------------------------------------");
$("-----------------------------------------------------------------------------------------------------------------------------------------------------------");
$("-----------------------------------------------------------------------------------------------------------------------------------------------------------");
$("----------------------------------------------------@@@@@@@@@@@@---------------------@@@@@@@@@@@-----------------------------------------------------------");
$("-------------------------------------------------@@@------------@@@---------------@@@------------@@@-------------------------------------------------------");
$("----------------------------------------------@@@------------------@@@---------@@@------------------@@@----------------------------------------------------");
$("-------------------------------------------@@@-----------------------@@@-----@@@-----------------------@@@-------------------------------------------------");
$("------------------------------------------@@@-------------------------@@@---@@@-------------------------@@@------------------------------------------------");
$("-----------------------------------------@@@---------------------------@@@@@@@---------------------------@@@-----------------------------------------------");
$("----------------------------------------@@@---------------------------------------------------------------@@@----------------------------------------------");
$("----------------------------------------@@@-------------@@@@@@@@@@@---------------@@@@@@@@@@@-------------@@@----------------------------------------------");
$("---------------------------------------@@@-------------@@@-------@@@@@----------@@@@-------@@@-------------@@@---------------------------------------------");
$("---------------------------------------@@@----------@@@--------------@@@@---@@@@--------------@@@----------@@@---------------------------------------------");
$("---------------------------------------@@@---------@@@------------------@@@@@------------------@@@---------@@@---------------------------------------------");
$("---------------------------------------@@@--------@@@-------------------------------------------@@@--------@@@---------------------------------------------");
$("---------------------------------------@@@--------@@@-------------------------------------------@@@--------@@@---------------------------------------------");
$("---------------------------------------@@@--------@@@-------------------------------------------@@@--------@@@---------------------------------------------");
$("---------------------------------------@@@--------@@@-------------------------------------------@@@--------@@@---------------------------------------------");
$("----------------------------------------@@@--------@@@-----------------------------------------@@@--------@@@----------------------------------------------");
$("----------------------------------------@@@---------@@@---------------------------------------@@@---------@@@----------------------------------------------");
$("-----------------------------------------@@@----------@@@------------------------------------@@@---------@@@-----------------------------------------------");
$("-----------------------------------------@@@------------@@@--------------------------------@@@-----------@@@-----------------------------------------------");
$("------------------------------------------@@@-------------@@@---------------------------@@@-------------@@@------------------------------------------------");
$("-------------------------------------------@@@---------------@@@---------------------@@@---------------@@@-------------------------------------------------");
$("--------------------------------------------@@@-----------------@@@---------------@@@-----------------@@@--------------------------------------------------");
$("---------------------------------------------@@@-------------------@@@---------@@@-------------------@@@---------------------------------------------------");
$("----------------------------------------------@@@---------------------@@@---@@@---------------------@@@----------------------------------------------------");
$("------------------------------------------------@@@--------------------@@@-@@@--------------------@@@------------------------------------------------------");
$("--------------------------------------------------@@@--------------------@@@--------------------@@@--------------------------------------------------------");
$("----------------------------------------------------@@@---------------------------------------@@@----------------------------------------------------------");
$("------------------------------------------------------@@@@---------------------------------@@@@------------------------------------------------------------");
$("---------------------------------------------------------@@@@---------------------------@@@@---------------------------------------------------------------");
$("------------------------------------------------------------@@@@---------------------@@@@------------------------------------------------------------------");
$("----------------------------------------------------------------@@@@-------------@@@@----------------------------------------------------------------------");
$("--------------------------------------------------------------------@@@@-----@@@@--------------------------------------------------------------------------");
$("------------------------------------------------------------------------@@-@@------------------------------------------------------------------------------");
$("-------------------------------------------------------------------------@@@-------------------------------------------------------------------------------");
$("--------------------------------------------------------------------------@--------------------------------------------------------------------------------");
$("-----------------------------------------------------------------------------------------------------------------------------------------------------------");
$("-----------------------------------------------------------------------------------------------------------------------------------------------------------");
$("-----------------------------------------------------------------------------------------------------------------------------------------------------------");
$("-----------------------------------------------------------------------------------------------------------------------------------------------------------");
$("-----------------------------------------------------------------------------------------------------------------------------------------------------------");
$("-----------------------------------------------------------------------------------------------------------------------------------------------------------");
$("-----------------------------------------------------------------------------------------------------------------------------------------------------------");

#endif
